C:\Program Files (x86)\MSBuild\Microsoft.Cpp\v4.0\V140\Microsoft.CppBuild.targets(392,5): warning MSB8028: The intermediate directory (Release\) contains files shared from another project (Segmenation.vcxproj).  This can lead to incorrect clean and rebuild behavior.
  Morphology.cpp
c:\users\wenzhen\documents\github\vesselsegmentation\vesselsegmentation\segmentationskel\Morphology.h(6): warning C4067: unexpected tokens following preprocessor directive - expected a newline
c:\users\wenzhen\documents\github\vesselsegmentation\vesselsegmentation\segmentationskel\ImageLib/Image.h(168): warning C4996: 'strcpy': This function or variable may be unsafe. Consider using strcpy_s instead. To disable deprecation, use _CRT_SECURE_NO_WARNINGS. See online help for details.
  C:\Program Files (x86)\Windows Kits\10\Include\10.0.10240.0\ucrt\string.h(119): note: see declaration of 'strcpy'
c:\users\wenzhen\documents\github\vesselsegmentation\vesselsegmentation\segmentationskel\ImageLib/Image.h(169): warning C4996: 'sprintf': This function or variable may be unsafe. Consider using sprintf_s instead. To disable deprecation, use _CRT_SECURE_NO_WARNINGS. See online help for details.
  C:\Program Files (x86)\Windows Kits\10\Include\10.0.10240.0\ucrt\stdio.h(1769): note: see declaration of 'sprintf'
c:\users\wenzhen\documents\github\vesselsegmentation\vesselsegmentation\segmentationskel\ImageLib/Image.h(170): warning C4996: 'sprintf': This function or variable may be unsafe. Consider using sprintf_s instead. To disable deprecation, use _CRT_SECURE_NO_WARNINGS. See online help for details.
  C:\Program Files (x86)\Windows Kits\10\Include\10.0.10240.0\ucrt\stdio.h(1769): note: see declaration of 'sprintf'
c:\users\wenzhen\documents\github\vesselsegmentation\vesselsegmentation\segmentationskel\ImageLib/Image.h(172): warning C4996: 'sprintf': This function or variable may be unsafe. Consider using sprintf_s instead. To disable deprecation, use _CRT_SECURE_NO_WARNINGS. See online help for details.
  C:\Program Files (x86)\Windows Kits\10\Include\10.0.10240.0\ucrt\stdio.h(1769): note: see declaration of 'sprintf'
c:\users\wenzhen\documents\github\vesselsegmentation\vesselsegmentation\segmentationskel\ImageLib/Image.h(174): warning C4996: 'sprintf': This function or variable may be unsafe. Consider using sprintf_s instead. To disable deprecation, use _CRT_SECURE_NO_WARNINGS. See online help for details.
  C:\Program Files (x86)\Windows Kits\10\Include\10.0.10240.0\ucrt\stdio.h(1769): note: see declaration of 'sprintf'
Morphology.cpp(220): warning C4305: 'initializing': truncation from 'double' to 'float'
Morphology.cpp(339): warning C4244: '=': conversion from 'const double' to 'float', possible loss of data
Morphology.cpp(411): warning C4305: 'initializing': truncation from 'double' to 'float'
Morphology.cpp(436): warning C4305: 'initializing': truncation from 'double' to 'float'
Morphology.cpp(463): warning C4305: 'initializing': truncation from 'double' to 'float'
  SegmentaionDoc.cpp
c:\users\wenzhen\documents\github\vesselsegmentation\vesselsegmentation\segmentationskel\imagelib\Image.h(168): warning C4996: 'strcpy': This function or variable may be unsafe. Consider using strcpy_s instead. To disable deprecation, use _CRT_SECURE_NO_WARNINGS. See online help for details.
  C:\Program Files (x86)\Windows Kits\10\Include\10.0.10240.0\ucrt\string.h(119): note: see declaration of 'strcpy'
c:\users\wenzhen\documents\github\vesselsegmentation\vesselsegmentation\segmentationskel\imagelib\Image.h(169): warning C4996: 'sprintf': This function or variable may be unsafe. Consider using sprintf_s instead. To disable deprecation, use _CRT_SECURE_NO_WARNINGS. See online help for details.
  C:\Program Files (x86)\Windows Kits\10\Include\10.0.10240.0\ucrt\stdio.h(1769): note: see declaration of 'sprintf'
c:\users\wenzhen\documents\github\vesselsegmentation\vesselsegmentation\segmentationskel\imagelib\Image.h(170): warning C4996: 'sprintf': This function or variable may be unsafe. Consider using sprintf_s instead. To disable deprecation, use _CRT_SECURE_NO_WARNINGS. See online help for details.
  C:\Program Files (x86)\Windows Kits\10\Include\10.0.10240.0\ucrt\stdio.h(1769): note: see declaration of 'sprintf'
c:\users\wenzhen\documents\github\vesselsegmentation\vesselsegmentation\segmentationskel\imagelib\Image.h(172): warning C4996: 'sprintf': This function or variable may be unsafe. Consider using sprintf_s instead. To disable deprecation, use _CRT_SECURE_NO_WARNINGS. See online help for details.
  C:\Program Files (x86)\Windows Kits\10\Include\10.0.10240.0\ucrt\stdio.h(1769): note: see declaration of 'sprintf'
c:\users\wenzhen\documents\github\vesselsegmentation\vesselsegmentation\segmentationskel\imagelib\Image.h(174): warning C4996: 'sprintf': This function or variable may be unsafe. Consider using sprintf_s instead. To disable deprecation, use _CRT_SECURE_NO_WARNINGS. See online help for details.
  C:\Program Files (x86)\Windows Kits\10\Include\10.0.10240.0\ucrt\stdio.h(1769): note: see declaration of 'sprintf'
c:\users\wenzhen\documents\github\vesselsegmentation\vesselsegmentation\segmentationskel\Morphology.h(6): warning C4067: unexpected tokens following preprocessor directive - expected a newline
  SegmentationMain.cpp
c:\users\wenzhen\documents\github\vesselsegmentation\vesselsegmentation\segmentationskel\imagelib\Image.h(168): warning C4996: 'strcpy': This function or variable may be unsafe. Consider using strcpy_s instead. To disable deprecation, use _CRT_SECURE_NO_WARNINGS. See online help for details.
  C:\Program Files (x86)\Windows Kits\10\Include\10.0.10240.0\ucrt\string.h(119): note: see declaration of 'strcpy'
c:\users\wenzhen\documents\github\vesselsegmentation\vesselsegmentation\segmentationskel\imagelib\Image.h(169): warning C4996: 'sprintf': This function or variable may be unsafe. Consider using sprintf_s instead. To disable deprecation, use _CRT_SECURE_NO_WARNINGS. See online help for details.
  C:\Program Files (x86)\Windows Kits\10\Include\10.0.10240.0\ucrt\stdio.h(1769): note: see declaration of 'sprintf'
c:\users\wenzhen\documents\github\vesselsegmentation\vesselsegmentation\segmentationskel\imagelib\Image.h(170): warning C4996: 'sprintf': This function or variable may be unsafe. Consider using sprintf_s instead. To disable deprecation, use _CRT_SECURE_NO_WARNINGS. See online help for details.
  C:\Program Files (x86)\Windows Kits\10\Include\10.0.10240.0\ucrt\stdio.h(1769): note: see declaration of 'sprintf'
c:\users\wenzhen\documents\github\vesselsegmentation\vesselsegmentation\segmentationskel\imagelib\Image.h(172): warning C4996: 'sprintf': This function or variable may be unsafe. Consider using sprintf_s instead. To disable deprecation, use _CRT_SECURE_NO_WARNINGS. See online help for details.
  C:\Program Files (x86)\Windows Kits\10\Include\10.0.10240.0\ucrt\stdio.h(1769): note: see declaration of 'sprintf'
c:\users\wenzhen\documents\github\vesselsegmentation\vesselsegmentation\segmentationskel\imagelib\Image.h(174): warning C4996: 'sprintf': This function or variable may be unsafe. Consider using sprintf_s instead. To disable deprecation, use _CRT_SECURE_NO_WARNINGS. See online help for details.
  C:\Program Files (x86)\Windows Kits\10\Include\10.0.10240.0\ucrt\stdio.h(1769): note: see declaration of 'sprintf'
c:\users\wenzhen\documents\github\vesselsegmentation\vesselsegmentation\segmentationskel\Morphology.h(6): warning C4067: unexpected tokens following preprocessor directive - expected a newline
  Generating Code...
c:\users\wenzhen\documents\github\vesselsegmentation\vesselsegmentation\segmentationskel\segmentationmain.cpp(98): warning C4715: 'mainErosion': not all control paths return a value
  cse576.vcxproj -> C:\Users\wenzhen\Documents\GitHub\VesselSegmentation\VesselSegmentation\SegmentationSkel\Release\Segmentation.exe
  cse576.vcxproj -> C:\Users\wenzhen\Documents\GitHub\VesselSegmentation\VesselSegmentation\SegmentationSkel\Release\Segmentation.pdb (Full PDB)
