C:\USERS\ANKIT\DESKTOP\576\FEATURES\DEBUG\IMAGEVIEW.OBJ
C:\USERS\ANKIT\DESKTOP\576\FEATURES\DEBUG\IMAGEDATABASE.OBJ
C:\USERS\ANKIT\DESKTOP\576\FEATURES\DEBUG\FEATURESUI.OBJ
C:\USERS\ANKIT\DESKTOP\576\FEATURES\DEBUG\FEATURESMAIN.OBJ
C:\USERS\ANKIT\DESKTOP\576\FEATURES\DEBUG\FEATURESET.OBJ
C:\USERS\ANKIT\DESKTOP\576\FEATURES\DEBUG\FEATURESDOC.OBJ
C:\USERS\ANKIT\DESKTOP\576\FEATURES\DEBUG\FEATURES.OBJ
C:\USERS\ANKIT\DESKTOP\576\FEATURES\DEBUG\VC110.PDB
C:\Users\ankit\Desktop\576\Features\Debug\Features.lib
C:\Users\ankit\Desktop\576\Features\Debug\Features.exp
C:\USERS\ANKIT\DESKTOP\576\FEATURES\DEBUG\FEATURES.ILK
C:\USERS\ANKIT\DESKTOP\576\FEATURES\DEBUG\FEATURES.EXE
C:\USERS\ANKIT\DESKTOP\576\FEATURES\DEBUG\FEATURES.PDB
C:\Users\ankit\Desktop\576\Projects\Project_1\PackageProject_1\FeaturesSkel\Debug\features.obj
C:\Users\ankit\Desktop\576\Projects\Project_1\PackageProject_1\FeaturesSkel\Debug\FeaturesDoc.obj
C:\Users\ankit\Desktop\576\Projects\Project_1\PackageProject_1\FeaturesSkel\Debug\FeatureSet.obj
C:\Users\ankit\Desktop\576\Projects\Project_1\PackageProject_1\FeaturesSkel\Debug\FeaturesMain.obj
C:\Users\ankit\Desktop\576\Projects\Project_1\PackageProject_1\FeaturesSkel\Debug\FeaturesUI.obj
C:\Users\ankit\Desktop\576\Projects\Project_1\PackageProject_1\FeaturesSkel\Debug\ImageDatabase.obj
C:\Users\ankit\Desktop\576\Projects\Project_1\PackageProject_1\FeaturesSkel\Debug\ImageView.obj
C:\Users\ankit\Desktop\576\Projects\Project_1\PackageProject_1\FeaturesSkel\Debug\Features.ilk
C:\Users\ankit\Desktop\576\Projects\Project_1\PackageProject_1\FeaturesSkel\Debug\cl.command.1.tlog
C:\Users\ankit\Desktop\576\Projects\Project_1\PackageProject_1\FeaturesSkel\Debug\CL.read.1.tlog
C:\Users\ankit\Desktop\576\Projects\Project_1\PackageProject_1\FeaturesSkel\Debug\CL.write.1.tlog
C:\Users\ankit\Desktop\576\Projects\Project_1\PackageProject_1\FeaturesSkel\Debug\Features.write.1.tlog
C:\Users\ankit\Desktop\576\Projects\Project_1\PackageProject_1\FeaturesSkel\Debug\link-cvtres.read.1.tlog
C:\Users\ankit\Desktop\576\Projects\Project_1\PackageProject_1\FeaturesSkel\Debug\link-cvtres.write.1.tlog
C:\Users\ankit\Desktop\576\Projects\Project_1\PackageProject_1\FeaturesSkel\Debug\link-rc.read.1.tlog
C:\Users\ankit\Desktop\576\Projects\Project_1\PackageProject_1\FeaturesSkel\Debug\link-rc.write.1.tlog
C:\Users\ankit\Desktop\576\Projects\Project_1\PackageProject_1\FeaturesSkel\Debug\link.command.1.tlog
C:\Users\ankit\Desktop\576\Projects\Project_1\PackageProject_1\FeaturesSkel\Debug\link.read.1.tlog
C:\Users\ankit\Desktop\576\Projects\Project_1\PackageProject_1\FeaturesSkel\Debug\link.write.1.tlog
C:\Users\ankit\Desktop\576\Projects\Project_1\PackageProject_1\FeaturesSkel\Debug\Features.exp
C:\Users\ankit\Desktop\576\Projects\Project_1\PackageProject_1\FeaturesSkel\Debug\Features.pdb
C:\Users\ankit\Desktop\576\Projects\Project_1\PackageProject_1\FeaturesSkel\Debug\vc110.pdb
C:\Users\ankit\Desktop\576\Projects\Project_1\PackageProject_1\FeaturesSkel\Debug\Features.exe
