c:\users\wenzhen\documents\github\vesselsegmentation\vesselsegmentation\segmentationskel\debug\vc140.pdb
c:\users\wenzhen\documents\github\vesselsegmentation\vesselsegmentation\segmentationskel\debug\morphology.obj
c:\users\wenzhen\documents\github\vesselsegmentation\vesselsegmentation\segmentationskel\debug\imageview.obj
c:\users\wenzhen\documents\github\vesselsegmentation\vesselsegmentation\segmentationskel\debug\imagedatabase.obj
c:\users\wenzhen\documents\github\vesselsegmentation\vesselsegmentation\segmentationskel\debug\segmentationui.obj
c:\users\wenzhen\documents\github\vesselsegmentation\vesselsegmentation\segmentationskel\debug\segmentationmain.obj
c:\users\wenzhen\documents\github\vesselsegmentation\vesselsegmentation\segmentationskel\debug\segmentaiondoc.obj
c:\users\wenzhen\documents\github\vesselsegmentation\vesselsegmentation\segmentationskel\debug\imageconvert.obj
c:\users\wenzhen\documents\github\vesselsegmentation\vesselsegmentation\segmentationskel\debug\segmenation.pdb
c:\users\wenzhen\documents\github\vesselsegmentation\vesselsegmentation\segmentationskel\debug\segmenation.tlog\cl.command.1.tlog
c:\users\wenzhen\documents\github\vesselsegmentation\vesselsegmentation\segmentationskel\debug\segmenation.tlog\cl.read.1.tlog
c:\users\wenzhen\documents\github\vesselsegmentation\vesselsegmentation\segmentationskel\debug\segmenation.tlog\cl.write.1.tlog
c:\users\wenzhen\documents\github\vesselsegmentation\vesselsegmentation\segmentationskel\debug\segmenation.tlog\link-cvtres.read.1.tlog
c:\users\wenzhen\documents\github\vesselsegmentation\vesselsegmentation\segmentationskel\debug\segmenation.tlog\link-cvtres.write.1.tlog
c:\users\wenzhen\documents\github\vesselsegmentation\vesselsegmentation\segmentationskel\debug\segmenation.tlog\link-rc.read.1.tlog
c:\users\wenzhen\documents\github\vesselsegmentation\vesselsegmentation\segmentationskel\debug\segmenation.tlog\link-rc.write.1.tlog
c:\users\wenzhen\documents\github\vesselsegmentation\vesselsegmentation\segmentationskel\debug\segmenation.tlog\link.11792-cvtres.read.1.tlog
c:\users\wenzhen\documents\github\vesselsegmentation\vesselsegmentation\segmentationskel\debug\segmenation.tlog\link.11792-cvtres.write.1.tlog
c:\users\wenzhen\documents\github\vesselsegmentation\vesselsegmentation\segmentationskel\debug\segmenation.tlog\link.11792-rc.read.1.tlog
c:\users\wenzhen\documents\github\vesselsegmentation\vesselsegmentation\segmentationskel\debug\segmenation.tlog\link.11792-rc.write.1.tlog
c:\users\wenzhen\documents\github\vesselsegmentation\vesselsegmentation\segmentationskel\debug\segmenation.tlog\link.11792.read.1.tlog
c:\users\wenzhen\documents\github\vesselsegmentation\vesselsegmentation\segmentationskel\debug\segmenation.tlog\link.11792.write.1.tlog
c:\users\wenzhen\documents\github\vesselsegmentation\vesselsegmentation\segmentationskel\debug\segmenation.tlog\link.command.1.tlog
c:\users\wenzhen\documents\github\vesselsegmentation\vesselsegmentation\segmentationskel\debug\segmenation.tlog\link.read.1.tlog
c:\users\wenzhen\documents\github\vesselsegmentation\vesselsegmentation\segmentationskel\debug\segmenation.tlog\link.write.1.tlog
